[backblue.gif]
[fade.gif]
[index.html]
[browser.sentry-cdn.com/6.4.1/bundle.min.js]
[www.google-analytics.com/analytics.js]
[d13pxqgp3ixdbh.cloudfront.net/uploads/160436571329924a368b12ab7c763d16a4ce7c06b1.png]
[d13pxqgp3ixdbh.cloudfront.net/uploads/160436568967968d331daa38c7a6a954a0aa4fca4c.png]
[d13pxqgp3ixdbh.cloudfront.net/uploads/16043657032b82c89c8eee568e887037f8f309f721.png]
[d13pxqgp3ixdbh.cloudfront.net/uploads/160436571804e3337a5b5284fc5053910a1c9c9bc1.png]
[d13pxqgp3ixdbh.cloudfront.net/uploads/160436570838a5323925fd8eb22f0ba979d3d5e84c.png]
[d13pxqgp3ixdbh.cloudfront.net/uploads/16048062154b5da08147a264835cbb5e8163bfb3c1.png]
[d13pxqgp3ixdbh.cloudfront.net/uploads/1604806215762316932ed6a86ba92fa4dd07b35cda.png]
[d13pxqgp3ixdbh.cloudfront.net/uploads/160480621688be12f33ef1950c2e610162d6003c5e.png]
[d13pxqgp3ixdbh.cloudfront.net/uploads/16048062166ea00457d09fc9be31abde20abc3af33.png]
[d13pxqgp3ixdbh.cloudfront.net/uploads/16048062173be18820d24ce3bc8ff2450976234a93.png]
[d13pxqgp3ixdbh.cloudfront.net/uploads/160480621795030b1923282bd0c4a82310a78adf86.png]
[d13pxqgp3ixdbh.cloudfront.net/uploads/1604986735996f444f82f9a6780eb0de2ae78288fe.png]
[d13pxqgp3ixdbh.cloudfront.net/uploads/1604806218a0e5f60d010855fc597a06603ddf1615.png]
[d13pxqgp3ixdbh.cloudfront.net/uploads/16043656998cc31b9f15a0f05c5503cdea6b1c5685.png]
[d13pxqgp3ixdbh.cloudfront.net/uploads/16043656942322cec5430f36cf035cf9b2c3c8c619.png]
[ajax.googleapis.com/ajax/libs/jquery/2.2.4/jquery.min.js]
[d13nu0oomnx5ti.cloudfront.net/41f3e3e.js]
[unlock3r.net/bd5db79.html]
[unlock3r.net/style.html]
[unlock3r.net/test.html]
[unlock3r.net/main.html]
[unlock3r.net/customTemplateGlobal.html]
