[backblue.gif]
[fade.gif]
[index.html]
[browser.sentry-cdn.com/6.4.1/bundle.min.js]
[www.google-analytics.com/analytics.js]
[d13pxqgp3ixdbh.cloudfront.net/uploads/1483122878fa40268fea713b2a1d1867b12542dd7e.jpg]
[d13pxqgp3ixdbh.cloudfront.net/uploads/16071815713cbc416bed946ebf99b04220d4e727b2.png]
[d13pxqgp3ixdbh.cloudfront.net/uploads/16389691182fe85911a9cc47298a03bfff485919ba.png]
[d13pxqgp3ixdbh.cloudfront.net/uploads/1636471537cc9c306f7c389c185189bf3daf7260c1.png]
[d13pxqgp3ixdbh.cloudfront.net/uploads/16356530149871f3ad26cacfb5ad62be3af4f83078.png]
[d13pxqgp3ixdbh.cloudfront.net/uploads/16356530079192e6f42956c06c93882dc8f2b524f5.png]
[d13pxqgp3ixdbh.cloudfront.net/uploads/16356530209e46ef11b612e6f52b6e6b67f322a7af.png]
[d13pxqgp3ixdbh.cloudfront.net/uploads/163565302671a941e9ac48f19ce1f2ca237332eb50.png]
[d13pxqgp3ixdbh.cloudfront.net/uploads/1636472786ee1905a53e0b903bb72600a288d20d03.png]
[d13pxqgp3ixdbh.cloudfront.net/uploads/1635653021ac61a7aa31f58b94c30339f142fa4242.png]
[d13pxqgp3ixdbh.cloudfront.net/uploads/163542468278c021e06cc778d4aef36f80e47413a2.gif]
[ajax.googleapis.com/ajax/libs/jquery/2.2.4/jquery.min.js]
[d13nu0oomnx5ti.cloudfront.net/fc6bca4.js]
[unlock-it.top/2a03834.html]
[unlock-it.top/customTemplateGlobal.html]
